<?xml version="1.0" encoding="UTF-8"?>
<testng-results skipped="0" failed="0" ignored="0" total="1" passed="1">
  <reporter-output>
  </reporter-output>
  <suite name="Default suite" duration-ms="26640" started-at="2017-09-17T11:40:11Z" finished-at="2017-09-17T11:40:38Z">
    <groups>
    </groups>
    <test name="Default test" duration-ms="26640" started-at="2017-09-17T11:40:11Z" finished-at="2017-09-17T11:40:38Z">
      <class name="testScripts.homePage">
        <test-method status="PASS" signature="setup()[pri:0, instance:testScripts.homePage@3fee9989]" name="setup" is-config="true" duration-ms="9986" started-at="2017-09-17T17:10:11Z" finished-at="2017-09-17T17:10:21Z">
          <reporter-output>
          </reporter-output>
        </test-method> <!-- setup -->
        <test-method status="PASS" signature="beforeMethod()[pri:0, instance:testScripts.homePage@3fee9989]" name="beforeMethod" is-config="true" duration-ms="0" started-at="2017-09-17T17:10:21Z" finished-at="2017-09-17T17:10:21Z">
          <reporter-output>
          </reporter-output>
        </test-method> <!-- beforeMethod -->
        <test-method status="PASS" signature="findFlights()[pri:0, instance:testScripts.homePage@3fee9989]" name="findFlights" duration-ms="16627" started-at="2017-09-17T17:10:21Z" finished-at="2017-09-17T17:10:38Z">
          <reporter-output>
          </reporter-output>
        </test-method> <!-- findFlights -->
        <test-method status="PASS" signature="afterMethod()[pri:0, instance:testScripts.homePage@3fee9989]" name="afterMethod" is-config="true" duration-ms="1" started-at="2017-09-17T17:10:38Z" finished-at="2017-09-17T17:10:38Z">
          <reporter-output>
          </reporter-output>
        </test-method> <!-- afterMethod -->
        <test-method status="PASS" signature="afterClass()[pri:0, instance:testScripts.homePage@3fee9989]" name="afterClass" is-config="true" duration-ms="0" started-at="2017-09-17T17:10:38Z" finished-at="2017-09-17T17:10:38Z">
          <reporter-output>
          </reporter-output>
        </test-method> <!-- afterClass -->
      </class> <!-- testScripts.homePage -->
    </test> <!-- Default test -->
  </suite> <!-- Default suite -->
</testng-results>
