<?xml version="1.0" encoding="UTF-8"?>
<testng-results skipped="0" failed="0" ignored="0" total="1" passed="1">
  <reporter-output>
  </reporter-output>
  <suite name="Default suite" duration-ms="27606" started-at="2017-09-12T16:08:24Z" finished-at="2017-09-12T16:08:51Z">
    <groups>
    </groups>
    <test name="Default test" duration-ms="27606" started-at="2017-09-12T16:08:24Z" finished-at="2017-09-12T16:08:51Z">
      <class name="testScripts.homePage">
        <test-method status="PASS" signature="setup()[pri:0, instance:testScripts.homePage@5bcab519]" name="setup" is-config="true" duration-ms="12478" started-at="2017-09-12T21:38:24Z" finished-at="2017-09-12T21:38:36Z">
          <reporter-output>
          </reporter-output>
        </test-method> <!-- setup -->
        <test-method status="PASS" signature="beforeMethod()[pri:0, instance:testScripts.homePage@5bcab519]" name="beforeMethod" is-config="true" duration-ms="1" started-at="2017-09-12T21:38:36Z" finished-at="2017-09-12T21:38:36Z">
          <reporter-output>
          </reporter-output>
        </test-method> <!-- beforeMethod -->
        <test-method status="PASS" signature="findFlights()[pri:0, instance:testScripts.homePage@5bcab519]" name="findFlights" duration-ms="15109" started-at="2017-09-12T21:38:36Z" finished-at="2017-09-12T21:38:51Z">
          <reporter-output>
          </reporter-output>
        </test-method> <!-- findFlights -->
        <test-method status="PASS" signature="afterMethod()[pri:0, instance:testScripts.homePage@5bcab519]" name="afterMethod" is-config="true" duration-ms="1" started-at="2017-09-12T21:38:51Z" finished-at="2017-09-12T21:38:51Z">
          <reporter-output>
          </reporter-output>
        </test-method> <!-- afterMethod -->
        <test-method status="PASS" signature="afterClass()[pri:0, instance:testScripts.homePage@5bcab519]" name="afterClass" is-config="true" duration-ms="1" started-at="2017-09-12T21:38:51Z" finished-at="2017-09-12T21:38:51Z">
          <reporter-output>
          </reporter-output>
        </test-method> <!-- afterClass -->
      </class> <!-- testScripts.homePage -->
    </test> <!-- Default test -->
  </suite> <!-- Default suite -->
</testng-results>
